{"message":"TypeError: fetch failed","level":"high","createAt":"2024-01-16T17:32:00.084Z"}
{"message":"TypeError: fetch failed","level":"high","createAt":"2024-01-16T17:32:05.014Z"}
{"message":"TypeError: fetch failed","level":"high","createAt":"2024-01-16T17:32:10.007Z"}
{"message":"TypeError: fetch failed","level":"high","createAt":"2024-01-16T17:32:15.004Z"}
{"message":"TypeError: fetch failed","level":"high","createAt":"2024-01-16T17:32:20.007Z"}
{"message":"TypeError: fetch failed","level":"high","createAt":"2024-01-16T17:32:25.012Z"}
{"message":"TypeError: fetch failed","level":"high","createAt":"2024-01-16T17:32:30.004Z"}
{"message":"TypeError: fetch failed","level":"high","createAt":"2024-01-16T17:32:35.005Z"}
{"message":"TypeError: fetch failed","level":"high","createAt":"2024-01-16T17:32:40.016Z"}
{"message":"TypeError: fetch failed","level":"high","createAt":"2024-01-16T17:32:45.018Z"}
{"message":"TypeError: fetch failed","level":"high","createAt":"2024-01-16T17:32:50.017Z"}
{"message":"TypeError: fetch failed","level":"high","createAt":"2024-01-16T17:32:55.011Z"}
{"message":"TypeError: fetch failed","level":"high","createAt":"2024-01-16T17:33:00.005Z"}
{"message":"TypeError: fetch failed","level":"high","createAt":"2024-01-16T17:33:05.003Z"}
{"message":"TypeError: fetch failed","level":"high","createAt":"2024-01-16T17:33:10.015Z"}
{"message":"TypeError: fetch failed","level":"high","createAt":"2024-01-16T17:33:15.009Z"}
{"message":"TypeError: fetch failed","level":"high","createAt":"2024-01-16T17:33:20.007Z"}
{"message":"TypeError: fetch failed","level":"high","createAt":"2024-01-16T17:33:25.010Z"}
{"message":"TypeError: fetch failed","level":"high","createAt":"2024-01-16T17:33:30.017Z"}
{"message":"TypeError: fetch failed","level":"high","createAt":"2024-01-16T17:33:35.006Z"}
{"message":"TypeError: fetch failed","level":"high","createAt":"2024-01-16T17:33:40.011Z"}
{"message":"TypeError: fetch failed","level":"high","createAt":"2024-01-16T17:33:45.012Z"}
{"message":"TypeError: fetch failed","level":"high","createAt":"2024-01-16T17:33:50.005Z"}
{"message":"TypeError: fetch failed","level":"high","createAt":"2024-01-16T17:33:55.013Z"}
{"message":"TypeError: fetch failed","level":"high","createAt":"2024-01-16T17:34:00.006Z"}
{"message":"$TypeError: fetch failed","level":"high","createAt":"2024-01-16T17:34:05.086Z"}
{"message":"https://localhost:3000TypeError: fetch failed","level":"high","createAt":"2024-01-16T17:34:10.088Z"}
{"message":"https://localhost:3000 is not ok TypeError: fetch failed","level":"high","createAt":"2024-01-16T17:34:15.106Z"}
{"message":"https://localhost:3000 is not ok TypeError: fetch failed","level":"high","createAt":"2024-01-16T17:34:20.006Z"}
{"message":"https://localhost:3000 is not ok TypeError: fetch failed","level":"high","createAt":"2024-01-16T17:34:25.014Z"}
{"message":"https://localhost:3000 is not ok.TypeError: fetch failed","level":"high","createAt":"2024-01-16T17:34:30.089Z"}
{"message":"https://localhost:3000 is not ok.TypeError: fetch failed","level":"high","createAt":"2024-01-16T17:34:35.017Z"}
{"message":"https://localhost:3000 is not ok.TypeError: fetch failed","level":"high","createAt":"2024-01-16T17:34:40.003Z"}
{"message":"https://localhost:3000 is not ok.TypeError: fetch failed","level":"high","createAt":"2024-01-16T17:34:45.006Z"}
{"message":"https://localhost:3000 is not ok. TypeError: fetch failed","level":"high","createAt":"2024-01-16T17:34:50.114Z"}
{"message":"https://localhost:3000 is not ok. TypeError: fetch failed","level":"high","createAt":"2024-01-16T17:34:55.015Z"}
{"message":"https://localhost:3000 is not ok. TypeError: fetch failed","level":"high","createAt":"2024-01-16T17:35:00.017Z"}
{"message":"https://localhost:3000 is not ok. TypeError: fetch failed","level":"high","createAt":"2024-01-16T17:35:05.008Z"}
{"message":"https://localhost:3000 is not ok. TypeError: fetch failed","level":"high","createAt":"2024-01-16T17:35:10.005Z"}
{"message":"https://localhost:3000 is not ok. TypeError: fetch failed","level":"high","createAt":"2024-01-16T17:35:15.002Z"}
{"message":"https://localhost:3000 is not ok. TypeError: fetch failed","level":"high","createAt":"2024-01-16T17:35:20.015Z"}
{"message":"https://localhost:3000 is not ok. TypeError: fetch failed","level":"high","createAt":"2024-01-16T17:35:25.013Z"}
{"message":"https://localhost:3000 is not ok. TypeError: fetch failed","level":"high","createAt":"2024-01-16T17:35:30.007Z"}
{"message":"https://localhost:3000 is not ok. TypeError: fetch failed","level":"high","createAt":"2024-01-16T17:35:35.014Z"}
{"message":"https://localhost:3000 is not ok. TypeError: fetch failed","level":"high","createAt":"2024-01-16T17:35:40.011Z"}
{"message":"https://localhost:3000 is not ok. TypeError: fetch failed","level":"high","createAt":"2024-01-16T17:35:45.013Z"}
{"message":"https://localhost:3000 is not ok. TypeError: fetch failed","level":"high","createAt":"2024-01-16T17:35:50.015Z"}
{"message":"https://localhost:3000 is not ok. TypeError: fetch failed","level":"high","createAt":"2024-01-16T17:35:55.015Z"}
{"message":"https://localhost:3000 is not ok. TypeError: fetch failed","level":"high","createAt":"2024-01-16T17:36:00.005Z"}
{"message":"https://localhost:3000 is not ok. TypeError: fetch failed","level":"high","createAt":"2024-01-16T17:36:05.010Z"}
{"message":"https://localhost:3000 is not ok. TypeError: fetch failed","level":"high","createAt":"2024-01-16T17:36:10.014Z"}
{"message":"https://localhost:3000 is not ok. TypeError: fetch failed","level":"high","createAt":"2024-01-16T17:36:15.015Z"}
{"message":"https://localhost:3000 is not ok. TypeError: fetch failed","level":"high","createAt":"2024-01-16T17:36:20.005Z"}
{"message":"https://localhost:3000 is not ok. TypeError: fetch failed","level":"high","createAt":"2024-01-16T17:36:25.016Z"}
{"message":"https://localhost:3000 is not ok. TypeError: fetch failed","level":"high","createAt":"2024-01-16T17:36:30.011Z"}
{"message":"https://localhost:3000 is not ok. TypeError: fetch failed","level":"high","createAt":"2024-01-16T17:36:35.009Z"}
{"message":"https://localhost:3000 is not ok. TypeError: fetch failed","level":"high","createAt":"2024-01-16T17:36:40.013Z"}
{"message":"https://localhost:3000 is not ok. TypeError: fetch failed","level":"high","createAt":"2024-01-16T17:36:45.010Z"}
{"message":"https://localhost:3000 is not ok. TypeError: fetch failed","level":"high","createAt":"2024-01-16T17:36:50.007Z"}
{"message":"https://localhost:3000 is not ok. TypeError: fetch failed","level":"high","createAt":"2024-01-16T17:36:55.017Z"}
{"message":"https://localhost:3000 is not ok. TypeError: fetch failed","level":"high","createAt":"2024-01-16T17:37:00.005Z"}
{"message":"https://localhost:3000 is not ok. TypeError: fetch failed","level":"high","createAt":"2024-01-16T17:37:05.006Z"}
{"message":"https://localhost:3000 is not ok. TypeError: fetch failed","level":"high","createAt":"2024-01-16T17:37:10.004Z"}
{"message":"https://localhost:3000 is not ok. TypeError: fetch failed","level":"high","createAt":"2024-01-16T17:37:15.012Z"}
{"message":"https://localhost:3000 is not ok. TypeError: fetch failed","level":"high","createAt":"2024-01-16T17:37:20.003Z"}
{"message":"https://localhost:3000 is not ok. TypeError: fetch failed","level":"high","createAt":"2024-01-16T17:37:25.016Z"}
{"message":"https://localhost:3000 is not ok. TypeError: fetch failed","level":"high","createAt":"2024-01-16T17:37:30.013Z"}
{"message":"https://localhost:3000 is not ok. TypeError: fetch failed","level":"high","createAt":"2024-01-16T17:37:35.013Z"}
{"message":"https://localhost:3000 is not ok. TypeError: fetch failed","level":"high","createAt":"2024-01-16T17:37:40.016Z"}
{"message":"https://localhost:3000 is not ok. TypeError: fetch failed","level":"high","createAt":"2024-01-16T17:37:45.018Z"}
{"message":"https://localhost:3000 is not ok. TypeError: fetch failed","level":"high","createAt":"2024-01-16T17:37:50.007Z"}
{"message":"https://localhost:3000 is not ok. TypeError: fetch failed","level":"high","createAt":"2024-01-16T17:37:55.013Z"}
{"message":"https://localhost:3000 is not ok. TypeError: fetch failed","level":"high","createAt":"2024-01-16T17:38:00.011Z"}
{"message":"https://localhost:3000 is not ok. TypeError: fetch failed","level":"high","createAt":"2024-01-16T17:38:05.011Z"}
{"message":"https://localhost:3000 is not ok. TypeError: fetch failed","level":"high","createAt":"2024-01-16T17:38:10.011Z"}
{"message":"https://localhost:3000 is not ok. TypeError: fetch failed","level":"high","createAt":"2024-01-16T17:38:15.011Z"}
{"message":"https://localhost:3000 is not ok. TypeError: fetch failed","level":"high","createAt":"2024-01-16T17:38:20.017Z"}
{"message":"https://localhost:3000 is not ok. TypeError: fetch failed","level":"high","createAt":"2024-01-16T17:38:25.012Z"}
{"message":"https://localhost:3000 is not ok. TypeError: fetch failed","level":"high","createAt":"2024-01-16T17:38:30.004Z"}
{"message":"https://localhost:3000 is not ok. TypeError: fetch failed","level":"high","createAt":"2024-01-16T17:38:35.014Z"}
{"message":"https://localhost:3000 is not ok. TypeError: fetch failed","level":"high","createAt":"2024-01-16T17:38:40.003Z"}
{"message":"https://localhost:3000 is not ok. TypeError: fetch failed","level":"high","createAt":"2024-01-16T17:38:45.014Z"}
{"message":"https://localhost:3000 is not ok. TypeError: fetch failed","level":"high","createAt":"2024-01-16T17:38:50.007Z"}
{"message":"https://localhost:3000 is not ok. TypeError: fetch failed","level":"high","createAt":"2024-01-16T17:38:55.009Z"}
{"message":"https://localhost:3000 is not ok. TypeError: fetch failed","level":"high","createAt":"2024-01-16T17:39:00.009Z"}
{"message":"https://localhost:3000 is not ok. TypeError: fetch failed","level":"high","createAt":"2024-01-16T17:39:05.005Z"}
{"message":"https://localhost:3000 is not ok. TypeError: fetch failed","level":"high","createAt":"2024-01-16T17:39:10.011Z"}
{"message":"https://localhost:3000 is not ok. TypeError: fetch failed","level":"high","createAt":"2024-01-16T17:39:15.002Z"}
{"message":"https://localhost:3000 is not ok. TypeError: fetch failed","level":"high","createAt":"2024-01-16T17:39:20.015Z"}
{"message":"https://localhost:3000 is not ok. TypeError: fetch failed","level":"high","createAt":"2024-01-16T17:39:25.005Z"}
{"message":"https://localhost:3000 is not ok. TypeError: fetch failed","level":"high","createAt":"2024-01-16T17:39:30.010Z"}
{"message":"https://localhost:3000 is not ok. TypeError: fetch failed","level":"high","createAt":"2024-01-16T17:39:35.017Z"}
{"message":"https://localhost:3000 is not ok. TypeError: fetch failed","level":"high","createAt":"2024-01-16T17:39:40.007Z"}
{"message":"https://localhost:3000 is not ok. TypeError: fetch failed","level":"high","createAt":"2024-01-16T17:39:45.014Z"}
{"message":"https://localhost:3000 is not ok. TypeError: fetch failed","level":"high","createAt":"2024-01-16T17:39:50.004Z"}
{"message":"https://localhost:3000 is not ok. TypeError: fetch failed","level":"high","createAt":"2024-01-16T17:39:55.012Z"}
{"message":"https://localhost:3000 is not ok. TypeError: fetch failed","level":"high","createAt":"2024-01-16T17:40:00.006Z"}
{"message":"https://localhost:3000 is not ok. TypeError: fetch failed","level":"high","createAt":"2024-01-16T17:40:05.003Z"}
{"message":"https://localhost:3000 is not ok. TypeError: fetch failed","level":"high","createAt":"2024-01-16T17:40:10.012Z"}
{"message":"https://localhost:3000 is not ok. TypeError: fetch failed","level":"high","createAt":"2024-01-16T17:40:15.004Z"}
{"message":"https://localhost:3000 is not ok. TypeError: fetch failed","level":"high","createAt":"2024-01-16T17:40:20.009Z"}
{"message":"https://localhost:3000 is not ok. TypeError: fetch failed","level":"high","createAt":"2024-01-16T17:40:25.018Z"}
{"message":"https://localhost:3000 is not ok. TypeError: fetch failed","level":"high","createAt":"2024-01-16T17:40:30.014Z"}
{"message":"https://localhost:3000 is not ok. TypeError: fetch failed","level":"high","createAt":"2024-01-16T17:40:35.006Z"}
{"message":"https://localhost:3000 is not ok. TypeError: fetch failed","level":"high","createAt":"2024-01-16T17:40:40.011Z"}
{"message":"https://localhost:3000 is not ok. TypeError: fetch failed","level":"high","createAt":"2024-01-16T17:40:45.006Z"}
{"message":"https://localhost:3000 is not ok. TypeError: fetch failed","level":"high","createAt":"2024-01-16T17:40:50.016Z"}
{"message":"https://localhost:3000 is not ok. TypeError: fetch failed","level":"high","createAt":"2024-01-16T17:40:55.007Z"}
{"message":"https://localhost:3000 is not ok. TypeError: fetch failed","level":"high","createAt":"2024-01-16T17:41:00.010Z"}
{"message":"https://localhost:3000 is not ok. TypeError: fetch failed","level":"high","createAt":"2024-01-16T17:41:05.002Z"}
{"message":"https://localhost:3000 is not ok. TypeError: fetch failed","level":"high","createAt":"2024-01-16T17:41:10.011Z"}
{"message":"https://localhost:3000 is not ok. TypeError: fetch failed","level":"high","createAt":"2024-01-16T17:41:15.002Z"}
{"message":"https://localhost:3000 is not ok. TypeError: fetch failed","level":"high","createAt":"2024-01-16T17:41:20.012Z"}
{"message":"https://localhost:3000 is not ok. TypeError: fetch failed","level":"high","createAt":"2024-01-16T17:41:25.005Z"}
{"message":"https://localhost:3000 is not ok. TypeError: fetch failed","level":"high","createAt":"2024-01-16T17:41:30.015Z"}
{"message":"https://localhost:3000 is not ok. TypeError: fetch failed","level":"high","createAt":"2024-01-16T17:41:35.015Z"}
{"message":"https://localhost:3000 is not ok. TypeError: fetch failed","level":"high","createAt":"2024-01-16T17:41:40.016Z"}
{"message":"https://localhost:3000 is not ok. TypeError: fetch failed","level":"high","createAt":"2024-01-16T17:41:45.008Z"}
{"message":"https://localhost:3000 is not ok. TypeError: fetch failed","level":"high","createAt":"2024-01-16T17:41:50.005Z"}
{"message":"https://localhost:3000 is not ok. TypeError: fetch failed","level":"high","createAt":"2024-01-16T17:41:55.008Z"}
{"message":"https://localhost:3000 is not ok. TypeError: fetch failed","level":"high","createAt":"2024-01-16T17:42:00.015Z"}
{"message":"https://localhost:3000 is not ok. TypeError: fetch failed","level":"high","createAt":"2024-01-16T17:42:05.009Z"}
{"message":"https://localhost:3000 is not ok. TypeError: fetch failed","level":"high","createAt":"2024-01-16T17:42:10.006Z"}
{"message":"https://localhost:3000 is not ok. TypeError: fetch failed","level":"high","createAt":"2024-01-16T17:42:15.011Z"}
{"message":"https://localhost:3000 is not ok. TypeError: fetch failed","level":"high","createAt":"2024-01-16T17:42:20.008Z"}
{"message":"https://localhost:3000 is not ok. TypeError: fetch failed","level":"high","createAt":"2024-01-16T17:42:25.015Z"}
{"message":"https://localhost:3000 is not ok. TypeError: fetch failed","level":"high","createAt":"2024-01-16T17:42:30.004Z"}
{"message":"https://localhost:3000 is not ok. TypeError: fetch failed","level":"high","createAt":"2024-01-16T17:42:35.012Z"}
{"message":"https://localhost:3000 is not ok. TypeError: fetch failed","level":"high","createAt":"2024-01-16T17:42:40.003Z"}
{"message":"https://localhost:3000 is not ok. TypeError: fetch failed","level":"high","createAt":"2024-01-16T17:42:45.013Z"}
{"message":"https://localhost:3000 is not ok. TypeError: fetch failed","level":"high","createAt":"2024-01-16T17:42:50.011Z"}
{"message":"https://localhost:3000 is not ok. TypeError: fetch failed","level":"high","createAt":"2024-01-16T17:42:55.016Z"}
{"message":"https://localhost:3000 is not ok. TypeError: fetch failed","level":"high","createAt":"2024-01-16T17:43:00.009Z"}
{"message":"https://localhost:3000 is not ok. TypeError: fetch failed","level":"high","createAt":"2024-01-16T17:43:05.006Z"}
{"message":"https://localhost:3000 is not ok. TypeError: fetch failed","level":"high","createAt":"2024-01-16T17:43:10.014Z"}
{"message":"https://localhost:3000 is not ok. TypeError: fetch failed","level":"high","createAt":"2024-01-16T17:43:15.009Z"}
{"message":"https://localhost:3000 is not ok. TypeError: fetch failed","level":"high","createAt":"2024-01-16T17:43:20.005Z"}
{"message":"https://localhost:3000 is not ok. TypeError: fetch failed","level":"high","createAt":"2024-01-16T17:43:25.015Z"}
{"message":"https://localhost:3000 is not ok. TypeError: fetch failed","level":"high","createAt":"2024-01-16T17:43:30.004Z"}
{"message":"https://localhost:3000 is not ok. TypeError: fetch failed","level":"high","createAt":"2024-01-16T17:43:35.015Z"}
{"message":"https://localhost:3000 is not ok. TypeError: fetch failed","level":"high","createAt":"2024-01-16T17:43:40.008Z"}
{"message":"https://localhost:3000 is not ok. TypeError: fetch failed","level":"high","createAt":"2024-01-16T17:43:45.003Z"}
{"message":"https://localhost:3000 is not ok. TypeError: fetch failed","level":"high","createAt":"2024-01-16T17:43:50.016Z"}
{"message":"https://localhost:3000 is not ok. TypeError: fetch failed","level":"high","createAt":"2024-01-16T17:43:55.016Z"}
{"message":"https://localhost:3000 is not ok. TypeError: fetch failed","level":"high","createAt":"2024-01-16T17:44:00.011Z"}
{"message":"https://localhost:3000 is not ok. TypeError: fetch failed","level":"high","createAt":"2024-01-16T17:44:05.013Z"}
{"message":"https://localhost:3000 is not ok. TypeError: fetch failed","level":"high","createAt":"2024-01-16T17:44:10.010Z"}
{"message":"https://localhost:3000 is not ok. TypeError: fetch failed","level":"high","createAt":"2024-01-16T17:44:15.009Z"}
{"message":"https://localhost:3000 is not ok. TypeError: fetch failed","level":"high","createAt":"2024-01-16T17:44:20.016Z"}
{"message":"https://localhost:3000 is not ok. TypeError: fetch failed","level":"high","createAt":"2024-01-16T17:44:25.010Z"}
{"message":"https://localhost:3000 is not ok. TypeError: fetch failed","level":"high","createAt":"2024-01-16T17:44:30.002Z"}
{"message":"https://localhost:3000 is not ok. TypeError: fetch failed","level":"high","createAt":"2024-01-16T17:44:35.012Z"}
{"message":"https://localhost:3000 is not ok. TypeError: fetch failed","level":"high","createAt":"2024-01-16T17:44:40.003Z"}
{"message":"https://localhost:3000 is not ok. TypeError: fetch failed","level":"high","createAt":"2024-01-16T17:44:45.013Z"}
{"message":"https://localhost:3000 is not ok. TypeError: fetch failed","level":"high","createAt":"2024-01-16T17:44:50.005Z"}
{"message":"https://localhost:3000 is not ok. TypeError: fetch failed","level":"high","createAt":"2024-01-16T17:44:55.003Z"}
{"message":"https://localhost:3000 is not ok. TypeError: fetch failed","level":"high","createAt":"2024-01-16T17:45:00.015Z"}
{"message":"https://localhost:3000 is not ok. TypeError: fetch failed","level":"high","createAt":"2024-01-16T17:45:05.009Z"}
{"message":"https://localhost:3000 is not ok. TypeError: fetch failed","level":"high","createAt":"2024-01-16T17:45:10.005Z"}
{"message":"https://localhost:3000 is not ok. TypeError: fetch failed","level":"high","createAt":"2024-01-16T17:45:15.017Z"}
{"message":"https://localhost:3000 is not ok. TypeError: fetch failed","level":"high","createAt":"2024-01-16T17:45:20.013Z"}
{"message":"https://localhost:3000 is not ok. TypeError: fetch failed","level":"high","createAt":"2024-01-16T17:45:25.005Z"}
{"message":"https://localhost:3000 is not ok. TypeError: fetch failed","level":"high","createAt":"2024-01-16T17:45:30.003Z"}
{"message":"https://localhost:3000 is not ok. TypeError: fetch failed","level":"high","createAt":"2024-01-16T17:45:35.015Z"}
{"message":"https://localhost:3000 is not ok. TypeError: fetch failed","level":"high","createAt":"2024-01-16T17:45:40.014Z"}
{"message":"https://localhost:3000 is not ok. TypeError: fetch failed","level":"high","createAt":"2024-01-16T17:45:45.005Z"}
{"message":"https://localhost:3000 is not ok. TypeError: fetch failed","level":"high","createAt":"2024-01-16T17:45:50.010Z"}
{"message":"https://localhost:3000 is not ok. TypeError: fetch failed","level":"high","createAt":"2024-01-16T17:45:55.013Z"}
{"message":"https://localhost:3000 is not ok. TypeError: fetch failed","level":"high","createAt":"2024-01-16T17:46:00.018Z"}
{"message":"https://localhost:3000 is not ok. TypeError: fetch failed","level":"high","createAt":"2024-01-16T17:46:05.006Z"}
{"message":"https://localhost:3000 is not ok. TypeError: fetch failed","level":"high","createAt":"2024-01-16T17:46:10.016Z"}
{"message":"https://localhost:3000 is not ok. TypeError: fetch failed","level":"high","createAt":"2024-01-16T17:46:15.004Z"}
{"message":"https://localhost:3000 is not ok. TypeError: fetch failed","level":"high","createAt":"2024-01-16T17:46:20.011Z"}
{"message":"https://localhost:3000 is not ok. TypeError: fetch failed","level":"high","createAt":"2024-01-16T17:46:25.010Z"}
{"message":"https://localhost:3000 is not ok. TypeError: fetch failed","level":"high","createAt":"2024-01-16T17:46:30.010Z"}
{"message":"https://localhost:3000 is not ok. TypeError: fetch failed","level":"high","createAt":"2024-01-16T17:46:35.016Z"}
{"message":"https://localhost:3000 is not ok. TypeError: fetch failed","level":"high","createAt":"2024-01-16T17:46:40.003Z"}
{"message":"https://localhost:3000 is not ok. TypeError: fetch failed","level":"high","createAt":"2024-01-16T17:46:45.010Z"}
{"message":"https://localhost:3000 is not ok. TypeError: fetch failed","level":"high","createAt":"2024-01-16T17:46:50.017Z"}
{"message":"https://localhost:3000 is not ok. TypeError: fetch failed","level":"high","createAt":"2024-01-16T17:46:55.002Z"}
{"message":"https://localhost:3000 is not ok. TypeError: fetch failed","level":"high","createAt":"2024-01-16T17:47:00.004Z"}
{"message":"https://localhost:3000 is not ok. TypeError: fetch failed","level":"high","createAt":"2024-01-16T17:47:05.008Z"}
{"message":"https://localhost:3000 is not ok. TypeError: fetch failed","level":"high","createAt":"2024-01-16T17:47:10.013Z"}
{"message":"https://localhost:3000 is not ok. TypeError: fetch failed","level":"high","createAt":"2024-01-16T17:47:15.014Z"}
{"message":"https://localhost:3000 is not ok. TypeError: fetch failed","level":"high","createAt":"2024-01-16T17:47:20.017Z"}
{"message":"https://localhost:3000 is not ok. TypeError: fetch failed","level":"high","createAt":"2024-01-16T17:47:25.007Z"}
{"message":"https://localhost:3000 is not ok. TypeError: fetch failed","level":"high","createAt":"2024-01-16T17:47:30.013Z"}
{"message":"https://localhost:3000 is not ok. TypeError: fetch failed","level":"high","createAt":"2024-01-16T17:47:35.003Z"}
{"message":"https://localhost:3000 is not ok. TypeError: fetch failed","level":"high","createAt":"2024-01-16T17:47:40.011Z"}
{"message":"https://localhost:3000 is not ok. TypeError: fetch failed","level":"high","createAt":"2024-01-16T17:47:45.006Z"}
{"message":"https://localhost:3000 is not ok. TypeError: fetch failed","level":"high","createAt":"2024-01-16T17:47:50.007Z"}
{"message":"https://localhost:3000 is not ok. TypeError: fetch failed","level":"high","createAt":"2024-01-16T17:47:55.007Z"}
{"message":"https://localhost:3000 is not ok. TypeError: fetch failed","level":"high","createAt":"2024-01-16T17:48:00.012Z"}
{"message":"https://localhost:3000 is not ok. TypeError: fetch failed","level":"high","createAt":"2024-01-16T17:48:05.013Z"}
{"message":"https://localhost:3000 is not ok. TypeError: fetch failed","level":"high","createAt":"2024-01-16T17:48:10.017Z"}
{"message":"https://localhost:3000 is not ok. TypeError: fetch failed","level":"high","createAt":"2024-01-16T17:48:15.016Z"}
{"message":"https://localhost:3000 is not ok. TypeError: fetch failed","level":"high","createAt":"2024-01-16T17:48:20.015Z"}
{"message":"https://localhost:3000 is not ok. TypeError: fetch failed","level":"high","createAt":"2024-01-16T17:48:25.003Z"}
{"message":"https://localhost:3000 is not ok. TypeError: fetch failed","level":"high","createAt":"2024-01-16T17:48:30.008Z"}
{"message":"https://localhost:3000 is not ok. TypeError: fetch failed","level":"high","createAt":"2024-01-16T17:48:35.006Z"}
{"message":"https://localhost:3000 is not ok. TypeError: fetch failed","level":"high","createAt":"2024-01-16T17:48:40.008Z"}
{"message":"https://localhost:3000 is not ok. TypeError: fetch failed","level":"high","createAt":"2024-01-16T17:48:45.011Z"}
{"message":"https://localhost:3000 is not ok. TypeError: fetch failed","level":"high","createAt":"2024-01-16T17:48:50.008Z"}
{"message":"https://localhost:3000 is not ok. TypeError: fetch failed","level":"high","createAt":"2024-01-16T17:48:55.012Z"}
{"message":"https://localhost:3000 is not ok. TypeError: fetch failed","level":"high","createAt":"2024-01-16T17:49:00.013Z"}
{"message":"https://localhost:3000 is not ok. TypeError: fetch failed","level":"high","createAt":"2024-01-16T17:49:05.004Z"}
{"message":"https://localhost:3000 is not ok. TypeError: fetch failed","level":"high","createAt":"2024-01-16T17:49:10.011Z"}
{"message":"https://localhost:3000 is not ok. TypeError: fetch failed","level":"high","createAt":"2024-01-16T17:49:15.014Z"}
{"message":"https://localhost:3000 is not ok. TypeError: fetch failed","level":"high","createAt":"2024-01-16T17:49:20.016Z"}
{"message":"https://localhost:3000 is not ok. TypeError: fetch failed","level":"high","createAt":"2024-01-16T17:49:25.015Z"}
{"message":"https://localhost:3000 is not ok. TypeError: fetch failed","level":"high","createAt":"2024-01-16T17:49:30.015Z"}
{"message":"https://localhost:3000 is not ok. TypeError: fetch failed","level":"high","createAt":"2024-01-16T17:49:35.012Z"}
{"message":"https://localhost:3000 is not ok. TypeError: fetch failed","level":"high","createAt":"2024-01-16T17:49:40.016Z"}
{"message":"https://localhost:3000 is not ok. TypeError: fetch failed","level":"high","createAt":"2024-01-16T17:49:45.016Z"}
{"message":"https://localhost:3000 is not ok. TypeError: fetch failed","level":"high","createAt":"2024-01-16T17:49:50.003Z"}
{"message":"https://localhost:3000 is not ok. TypeError: fetch failed","level":"high","createAt":"2024-01-16T17:49:55.012Z"}
{"message":"https://localhost:3000 is not ok. TypeError: fetch failed","level":"high","createAt":"2024-01-16T17:50:00.013Z"}
{"message":"https://localhost:3000 is not ok. TypeError: fetch failed","level":"high","createAt":"2024-01-16T17:50:05.013Z"}
{"message":"https://localhost:3000 is not ok. TypeError: fetch failed","level":"high","createAt":"2024-01-16T17:50:10.013Z"}
{"message":"https://localhost:3000 is not ok. TypeError: fetch failed","level":"high","createAt":"2024-01-16T17:50:15.016Z"}
{"message":"https://localhost:3000 is not ok. TypeError: fetch failed","level":"high","createAt":"2024-01-16T17:50:20.004Z"}
{"message":"https://localhost:3000 is not ok. TypeError: fetch failed","level":"high","createAt":"2024-01-16T17:50:25.004Z"}
{"message":"https://localhost:3000 is not ok. TypeError: fetch failed","level":"high","createAt":"2024-01-16T17:50:30.006Z"}
{"message":"https://localhost:3000 is not ok. TypeError: fetch failed","level":"high","createAt":"2024-01-16T17:50:35.011Z"}
{"message":"https://localhost:3000 is not ok. TypeError: fetch failed","level":"high","createAt":"2024-01-16T17:50:40.013Z"}
{"message":"https://localhost:3000 is not ok. TypeError: fetch failed","level":"high","createAt":"2024-01-16T17:50:45.005Z"}
{"message":"https://localhost:3000 is not ok. TypeError: fetch failed","level":"high","createAt":"2024-01-16T17:50:50.005Z"}
{"message":"https://localhost:3000 is not ok. TypeError: fetch failed","level":"high","createAt":"2024-01-16T17:50:55.010Z"}
{"message":"https://localhost:3000 is not ok. TypeError: fetch failed","level":"high","createAt":"2024-01-16T17:51:00.015Z"}
{"message":"https://localhost:3000 is not ok. TypeError: fetch failed","level":"high","createAt":"2024-01-16T17:51:05.007Z"}
{"message":"https://localhost:3000 is not ok. TypeError: fetch failed","level":"high","createAt":"2024-01-16T17:51:10.012Z"}
{"message":"https://localhost:3000 is not ok. TypeError: fetch failed","level":"high","createAt":"2024-01-16T17:51:15.013Z"}
{"message":"https://localhost:3000 is not ok. TypeError: fetch failed","level":"high","createAt":"2024-01-16T17:51:20.017Z"}
{"message":"https://localhost:3000 is not ok. TypeError: fetch failed","level":"high","createAt":"2024-01-16T17:51:25.016Z"}
{"message":"https://localhost:3000 is not ok. TypeError: fetch failed","level":"high","createAt":"2024-01-16T17:51:30.007Z"}
{"message":"https://localhost:3000 is not ok. TypeError: fetch failed","level":"high","createAt":"2024-01-16T17:51:35.006Z"}
{"message":"https://localhost:3000 is not ok. TypeError: fetch failed","level":"high","createAt":"2024-01-16T17:51:40.007Z"}
{"message":"https://localhost:3000 is not ok. TypeError: fetch failed","level":"high","createAt":"2024-01-16T17:51:45.018Z"}
{"message":"https://localhost:3000 is not ok. TypeError: fetch failed","level":"high","createAt":"2024-01-16T17:51:50.014Z"}
{"message":"https://localhost:3000 is not ok. TypeError: fetch failed","level":"high","createAt":"2024-01-16T17:51:55.017Z"}
{"message":"https://localhost:3000 is not ok. TypeError: fetch failed","level":"high","createAt":"2024-01-16T17:52:00.017Z"}
{"message":"https://localhost:3000 is not ok. TypeError: fetch failed","level":"high","createAt":"2024-01-16T17:52:05.016Z"}
{"message":"https://localhost:3000 is not ok. TypeError: fetch failed","level":"high","createAt":"2024-01-16T17:52:10.014Z"}
{"message":"https://localhost:3000 is not ok. TypeError: fetch failed","level":"high","createAt":"2024-01-16T17:52:15.005Z"}
{"message":"https://localhost:3000 is not ok. TypeError: fetch failed","level":"high","createAt":"2024-01-16T17:52:20.087Z"}
{"message":"https://localhost:3000 is not ok. TypeError: fetch failed","level":"high","createAt":"2024-01-16T17:53:05.106Z"}
{"message":"https://localhost:3000 is not ok. TypeError: fetch failed","level":"high","createAt":"2024-01-16T17:53:10.008Z"}
{"message":"https://localhost:3000 is not ok. TypeError: fetch failed","level":"high","createAt":"2024-01-16T17:53:15.017Z"}
{"message":"https://localhost:3000 is not ok. TypeError: fetch failed","level":"high","createAt":"2024-01-16T17:53:20.012Z"}
{"message":"https://localhost:3000 is not ok. TypeError: fetch failed","level":"high","createAt":"2024-01-16T17:53:25.011Z"}
{"message":"https://localhost:3000 is not ok. TypeError: fetch failed","level":"high","createAt":"2024-01-16T17:53:30.004Z"}
{"message":"https://localhost:3000 is not ok. TypeError: fetch failed","level":"high","createAt":"2024-01-16T17:53:35.016Z"}
{"message":"https://localhost:3000 is not ok. TypeError: fetch failed","level":"high","createAt":"2024-01-16T17:53:40.010Z"}
{"message":"https://localhost:3000 is not ok. TypeError: fetch failed","level":"high","createAt":"2024-01-16T17:53:45.011Z"}
{"message":"https://localhost:3000 is not ok. TypeError: fetch failed","level":"high","createAt":"2024-01-16T17:53:50.010Z"}
{"message":"https://localhost:3000 is not ok. TypeError: fetch failed","level":"high","createAt":"2024-01-16T17:53:55.008Z"}
{"message":"https://localhost:3000 is not ok. TypeError: fetch failed","level":"high","createAt":"2024-01-16T17:54:00.020Z"}
{"message":"https://localhost:3000 is not ok. TypeError: fetch failed","level":"high","createAt":"2024-01-16T17:54:05.017Z"}
{"message":"https://localhost:3000 is not ok. TypeError: fetch failed","level":"high","createAt":"2024-01-16T17:54:10.009Z"}
{"message":"https://localhost:3000 is not ok. TypeError: fetch failed","level":"high","createAt":"2024-01-16T17:54:15.010Z"}
{"message":"https://localhost:3000 is not ok. TypeError: fetch failed","level":"high","createAt":"2024-01-16T17:54:20.006Z"}
{"message":"https://localhost:3000 is not ok. TypeError: fetch failed","level":"high","createAt":"2024-01-16T17:54:25.017Z"}
{"message":"https://localhost:3000 is not ok. TypeError: fetch failed","level":"high","createAt":"2024-01-16T17:54:30.014Z"}
{"message":"https://localhost:3000 is not ok. TypeError: fetch failed","level":"high","createAt":"2024-01-16T17:54:35.010Z"}
{"message":"https://localhost:3000 is not ok. TypeError: fetch failed","level":"high","createAt":"2024-01-16T17:54:40.003Z"}
{"message":"https://localhost:3000 is not ok. TypeError: fetch failed","level":"high","createAt":"2024-01-16T17:54:45.006Z"}
{"message":"https://localhost:3000 is not ok. TypeError: fetch failed","level":"high","createAt":"2024-01-16T17:54:50.010Z"}
{"message":"https://localhost:3000 is not ok. TypeError: fetch failed","level":"high","createAt":"2024-01-16T17:54:55.012Z"}
{"message":"https://localhost:3000 is not ok. TypeError: fetch failed","level":"high","createAt":"2024-01-16T17:55:00.017Z"}
{"message":"https://localhost:3000 is not ok. TypeError: fetch failed","level":"high","createAt":"2024-01-16T17:55:05.015Z"}
{"message":"https://localhost:3000 is not ok. TypeError: fetch failed","level":"high","createAt":"2024-01-16T17:55:10.013Z"}
{"message":"https://localhost:3000 is not ok. TypeError: fetch failed","level":"high","createAt":"2024-01-16T17:55:15.006Z"}
{"message":"https://localhost:3000 is not ok. TypeError: fetch failed","level":"high","createAt":"2024-01-16T17:55:20.013Z"}
{"message":"https://localhost:3000 is not ok. TypeError: fetch failed","level":"high","createAt":"2024-01-16T17:55:25.005Z"}
{"message":"https://localhost:3000 is not ok. TypeError: fetch failed","level":"high","createAt":"2024-01-16T17:55:30.012Z"}
{"message":"https://localhost:3000 is not ok. TypeError: fetch failed","level":"high","createAt":"2024-01-16T17:55:35.015Z"}
{"message":"https://localhost:3000 is not ok. TypeError: fetch failed","level":"high","createAt":"2024-01-16T17:55:40.005Z"}
{"message":"https://localhost:3000 is not ok. TypeError: fetch failed","level":"high","createAt":"2024-01-16T17:55:45.003Z"}
{"message":"https://localhost:3000 is not ok. TypeError: fetch failed","level":"high","createAt":"2024-01-16T17:55:50.015Z"}
{"message":"https://localhost:3000 is not ok. TypeError: fetch failed","level":"high","createAt":"2024-01-16T17:55:55.009Z"}
{"message":"https://localhost:3000 is not ok. TypeError: fetch failed","level":"high","createAt":"2024-01-16T17:56:00.003Z"}
{"message":"https://localhost:3000 is not ok. TypeError: fetch failed","level":"high","createAt":"2024-01-16T17:56:05.010Z"}
{"message":"https://localhost:3000 is not ok. TypeError: fetch failed","level":"high","createAt":"2024-01-16T17:56:10.008Z"}
{"message":"https://localhost:3000 is not ok. TypeError: fetch failed","level":"high","createAt":"2024-01-16T17:56:15.014Z"}
{"message":"https://localhost:3000 is not ok. TypeError: fetch failed","level":"high","createAt":"2024-01-16T17:56:20.004Z"}
{"message":"https://localhost:3000 is not ok. TypeError: fetch failed","level":"high","createAt":"2024-01-16T17:56:25.015Z"}
{"message":"https://localhost:3000 is not ok. TypeError: fetch failed","level":"high","createAt":"2024-01-16T17:56:30.010Z"}
{"message":"https://localhost:3000 is not ok. TypeError: fetch failed","level":"high","createAt":"2024-01-16T17:56:35.002Z"}
{"message":"https://localhost:3000 is not ok. TypeError: fetch failed","level":"high","createAt":"2024-01-16T17:56:40.013Z"}
{"message":"https://localhost:3000 is not ok. TypeError: fetch failed","level":"high","createAt":"2024-01-16T17:56:45.004Z"}
{"message":"https://localhost:3000 is not ok. TypeError: fetch failed","level":"high","createAt":"2024-01-16T17:56:50.011Z"}
{"message":"https://localhost:3000 is not ok. TypeError: fetch failed","level":"high","createAt":"2024-01-16T17:56:55.008Z"}
{"message":"https://localhost:3000 is not ok. TypeError: fetch failed","level":"high","createAt":"2024-01-16T17:57:00.005Z"}
{"message":"https://localhost:3000 is not ok. TypeError: fetch failed","level":"high","createAt":"2024-01-16T17:57:05.013Z"}
{"message":"https://localhost:3000 is not ok. TypeError: fetch failed","level":"high","createAt":"2024-01-16T17:57:10.014Z"}
{"message":"https://localhost:3000 is not ok. TypeError: fetch failed","level":"high","createAt":"2024-01-16T17:57:15.005Z"}
{"message":"https://localhost:3000 is not ok. TypeError: fetch failed","level":"high","createAt":"2024-01-16T17:57:20.014Z"}
{"message":"https://localhost:3000 is not ok. TypeError: fetch failed","level":"high","createAt":"2024-01-16T17:57:25.006Z"}
{"message":"https://localhost:3000 is not ok. TypeError: fetch failed","level":"high","createAt":"2024-01-16T17:57:30.016Z"}
{"message":"https://localhost:3000 is not ok. TypeError: fetch failed","level":"high","createAt":"2024-01-16T17:57:35.014Z"}
{"message":"https://localhost:3000 is not ok. TypeError: fetch failed","level":"high","createAt":"2024-01-16T17:57:40.010Z"}
{"message":"https://localhost:3000 is not ok. TypeError: fetch failed","level":"high","createAt":"2024-01-16T17:57:45.017Z"}
{"message":"https://localhost:3000 is not ok. TypeError: fetch failed","level":"high","createAt":"2024-01-16T17:57:50.009Z"}
{"message":"https://localhost:3000 is not ok. TypeError: fetch failed","level":"high","createAt":"2024-01-16T17:57:55.007Z"}
{"message":"https://localhost:3000 is not ok. TypeError: fetch failed","level":"high","createAt":"2024-01-16T17:58:00.017Z"}
{"message":"https://localhost:3000 is not ok. TypeError: fetch failed","level":"high","createAt":"2024-01-16T17:58:05.008Z"}
{"message":"https://localhost:3000 is not ok. TypeError: fetch failed","level":"high","createAt":"2024-01-16T17:58:10.008Z"}
{"message":"https://localhost:3000 is not ok. TypeError: fetch failed","level":"high","createAt":"2024-01-16T17:58:15.003Z"}
{"message":"https://localhost:3000 is not ok. TypeError: fetch failed","level":"high","createAt":"2024-01-16T17:58:20.019Z"}
{"message":"https://localhost:3000 is not ok. TypeError: fetch failed","level":"high","createAt":"2024-01-16T17:58:25.005Z"}
{"message":"https://localhost:3000 is not ok. TypeError: fetch failed","level":"high","createAt":"2024-01-16T17:58:30.003Z"}
{"message":"https://localhost:3000 is not ok. TypeError: fetch failed","level":"high","createAt":"2024-01-16T17:58:35.011Z"}
{"message":"https://localhost:3000 is not ok. TypeError: fetch failed","level":"high","createAt":"2024-01-16T17:58:40.003Z"}
{"message":"https://localhost:3000 is not ok. TypeError: fetch failed","level":"high","createAt":"2024-01-16T17:58:45.008Z"}
{"message":"https://localhost:3000 is not ok. TypeError: fetch failed","level":"high","createAt":"2024-01-16T17:58:50.010Z"}
{"message":"https://localhost:3000 is not ok. TypeError: fetch failed","level":"high","createAt":"2024-01-16T18:01:23.651Z"}
{"message":"https://localhost:3000 is not ok. TypeError: fetch failed","level":"high","createAt":"2024-01-16T18:02:46.530Z"}
