{"message":"Service https://google.com working","level":"low","createAt":"2024-01-16T17:29:45.405Z"}
{"message":"Service https://google.com working","level":"low","createAt":"2024-01-16T17:29:50.177Z"}
{"message":"Service https://google.com working","level":"low","createAt":"2024-01-16T17:29:55.293Z"}
{"message":"Service https://google.com working","level":"low","createAt":"2024-01-16T17:30:00.159Z"}
{"message":"Service https://google.com working","level":"low","createAt":"2024-01-16T17:30:05.299Z"}
{"message":"Service https://google.com working","level":"low","createAt":"2024-01-16T17:30:10.152Z"}
{"message":"Service https://google.com working","level":"low","createAt":"2024-01-16T17:30:15.217Z"}
{"message":"Service https://google.com working","level":"low","createAt":"2024-01-16T17:30:20.194Z"}
{"message":"Service https://google.com working","level":"low","createAt":"2024-01-16T17:30:25.213Z"}
{"message":"Service https://google.com working","level":"low","createAt":"2024-01-16T17:30:30.220Z"}
{"message":"Service https://google.com working","level":"low","createAt":"2024-01-16T17:30:35.229Z"}
{"message":"TypeError: fetch failed","level":"low","createAt":"2024-01-16T17:30:55.087Z"}
{"message":"TypeError: fetch failed","level":"low","createAt":"2024-01-16T17:31:00.019Z"}
{"message":"TypeError: fetch failed","level":"low","createAt":"2024-01-16T17:31:05.008Z"}
{"message":"TypeError: fetch failed","level":"low","createAt":"2024-01-16T17:31:10.013Z"}
{"message":"TypeError: fetch failed","level":"low","createAt":"2024-01-16T17:31:15.017Z"}
{"message":"TypeError: fetch failed","level":"high","createAt":"2024-01-16T17:32:00.084Z"}
{"message":"TypeError: fetch failed","level":"high","createAt":"2024-01-16T17:32:05.014Z"}
{"message":"TypeError: fetch failed","level":"high","createAt":"2024-01-16T17:32:10.007Z"}
{"message":"TypeError: fetch failed","level":"high","createAt":"2024-01-16T17:32:15.004Z"}
{"message":"TypeError: fetch failed","level":"high","createAt":"2024-01-16T17:32:20.007Z"}
{"message":"TypeError: fetch failed","level":"high","createAt":"2024-01-16T17:32:25.012Z"}
{"message":"TypeError: fetch failed","level":"high","createAt":"2024-01-16T17:32:30.004Z"}
{"message":"TypeError: fetch failed","level":"high","createAt":"2024-01-16T17:32:35.005Z"}
{"message":"TypeError: fetch failed","level":"high","createAt":"2024-01-16T17:32:40.016Z"}
{"message":"TypeError: fetch failed","level":"high","createAt":"2024-01-16T17:32:45.018Z"}
{"message":"TypeError: fetch failed","level":"high","createAt":"2024-01-16T17:32:50.017Z"}
{"message":"TypeError: fetch failed","level":"high","createAt":"2024-01-16T17:32:55.011Z"}
{"message":"TypeError: fetch failed","level":"high","createAt":"2024-01-16T17:33:00.005Z"}
{"message":"TypeError: fetch failed","level":"high","createAt":"2024-01-16T17:33:05.003Z"}
{"message":"TypeError: fetch failed","level":"high","createAt":"2024-01-16T17:33:10.015Z"}
{"message":"TypeError: fetch failed","level":"high","createAt":"2024-01-16T17:33:15.009Z"}
{"message":"TypeError: fetch failed","level":"high","createAt":"2024-01-16T17:33:20.007Z"}
{"message":"TypeError: fetch failed","level":"high","createAt":"2024-01-16T17:33:25.010Z"}
{"message":"TypeError: fetch failed","level":"high","createAt":"2024-01-16T17:33:30.017Z"}
{"message":"TypeError: fetch failed","level":"high","createAt":"2024-01-16T17:33:35.006Z"}
{"message":"TypeError: fetch failed","level":"high","createAt":"2024-01-16T17:33:40.011Z"}
{"message":"TypeError: fetch failed","level":"high","createAt":"2024-01-16T17:33:45.012Z"}
{"message":"TypeError: fetch failed","level":"high","createAt":"2024-01-16T17:33:50.005Z"}
{"message":"TypeError: fetch failed","level":"high","createAt":"2024-01-16T17:33:55.013Z"}
{"message":"TypeError: fetch failed","level":"high","createAt":"2024-01-16T17:34:00.006Z"}
{"message":"$TypeError: fetch failed","level":"high","createAt":"2024-01-16T17:34:05.086Z"}
{"message":"https://localhost:3000TypeError: fetch failed","level":"high","createAt":"2024-01-16T17:34:10.088Z"}
{"message":"https://localhost:3000 is not ok TypeError: fetch failed","level":"high","createAt":"2024-01-16T17:34:15.106Z"}
{"message":"https://localhost:3000 is not ok TypeError: fetch failed","level":"high","createAt":"2024-01-16T17:34:20.006Z"}
{"message":"https://localhost:3000 is not ok TypeError: fetch failed","level":"high","createAt":"2024-01-16T17:34:25.014Z"}
{"message":"https://localhost:3000 is not ok.TypeError: fetch failed","level":"high","createAt":"2024-01-16T17:34:30.089Z"}
{"message":"https://localhost:3000 is not ok.TypeError: fetch failed","level":"high","createAt":"2024-01-16T17:34:35.017Z"}
{"message":"https://localhost:3000 is not ok.TypeError: fetch failed","level":"high","createAt":"2024-01-16T17:34:40.003Z"}
{"message":"https://localhost:3000 is not ok.TypeError: fetch failed","level":"high","createAt":"2024-01-16T17:34:45.006Z"}
{"message":"https://localhost:3000 is not ok. TypeError: fetch failed","level":"high","createAt":"2024-01-16T17:34:50.114Z"}
{"message":"https://localhost:3000 is not ok. TypeError: fetch failed","level":"high","createAt":"2024-01-16T17:34:55.015Z"}
{"message":"https://localhost:3000 is not ok. TypeError: fetch failed","level":"high","createAt":"2024-01-16T17:35:00.017Z"}
{"message":"https://localhost:3000 is not ok. TypeError: fetch failed","level":"high","createAt":"2024-01-16T17:35:05.008Z"}
